* 77980bf : Styling
* eb360df : header til overview
*   72f772b : Merge branch 'master' of https://github.com/Westerdals/pro104-eksamen-gruppe12
|\  
| * 3549e8d : fått fikset pull-down-menyene
* | b863391 : Mindre endring css
|/  
* fbf11d8 : fått fikset en pulldown hvor man kan velge kategori som er hentet inn fra main.html
* 6f39d4a : endret dato på task.html
* 1c430f4 : fikset overview.js
*   bd94556 : Merge branch 'master' of https://github.com/Westerdals/pro104-eksamen-gruppe12
|\  
| * 725cf9b : JS: fikset overview.js
| *   e02d642 : merger fordi jeg og sindre har gjort noe på overview
| |\  
| | * 6a02644 : Submit knappen fungerer
| * | ba80ea1 : tester diverse ting på overview
* | | 23dfb10 : Fikset bugs med siden
* | | 32d60b5 : formatering av koden
| |/  
|/|   
* |   213dc4f : Merge branch 'master' of https://github.com/Westerdals/pro104-eksamen-gruppe12
|\ \  
| |/  
| * 6a45030 : små endringer
| * d2c44da : rydda opp i koden - men event button synes ikke
| * 61e06c8 : lagt til kalender 2
* | d764f94 : Gjort endringer i overview.js
|/  
*   6a45c56 : Merge branch 'master' of https://github.com/Westerdals/pro104-eksamen-gruppe12
|\  
| *   55b6c66 : litt usikkert hva jeg gjorde endringer på igår
| |\  
| * | dd48b59 : gjorde endringer igår på overview.js
* | | 1aca80a : mytask css
* | |   7275e47 : Merge branch 'master' of https://github.com/Westerdals/pro104-eksamen-gruppe12
|\ \ \  
| | |/  
| |/|   
| * | c4aa38f : styling av main
* | | 66d6ad4 : Lagt til en ny css fil
|/ /  
* | d4aec61 : sindre
* |   61530b3 : Merge branch 'master' of https://github.com/Westerdals/pro104-eksamen-gruppe12
|\ \  
| * | dd91e7c : sindre
| |/  
| * 69627a1 : prøvd å fikse på task.js, men får ikke det til
* | 3852733 : Mindre endringer
|/  
* 9ad8c2d : fikset members.js
* 23ab68d : lagt til overview.js for å hente info fra task.html
*   31388ab : får ikke pullet
|\  
| * f588a7b : Fikset så category modal kan lukkes ved å trykke på X
| * 951c9d7 : Mainpage responsive layout + modal
* | 3cc21a2 : fikset litt på kalender siden
|/  
* 2f62926 : C:/Program Files/Git/Sindre, endret litt i css til taskM
* 73eac08 : C:/Program Files/Git/Sindre, la til mere i css filen til TaskM
*   ed08fae : Merge branch 'master' of https://github.com/Westerdals/pro104-eksamen-gruppe12
|\  
| * 78fb8f3 : endring css mytask
* | f15fe87 : C:/Program Files/Git/sindre, lagt til og fjernet noen elementer samt jobbet litt på drag and drop funksjonen
* | 5e03611 : Sindre
|/  
* c4a51c3 : css style my.task
*   c8f037e : Merge branch 'master' of https://github.com/Westerdals/pro104-eksamen-gruppe12
|\  
| * c8d1731 : design css
| *   d4b9689 : Merge branch 'master' of https://github.com/Westerdals/pro104-eksamen-gruppe12
| |\  
| * | 8599626 : Design på myTask
* | | 69f5f19 : Lagt inn ny responsiv meny
| |/  
|/|   
* |   a9ae6fc : Merge branch 'master' of https://github.com/Westerdals/pro104-eksamen-gruppe12
|\ \  
| |/  
| *   5493b2d : hei
| |\  
| | * 6065caf : Update README.md
| | * 95c4797 : Delete .gitignore
| | *   f71e45b : Merge branch 'master' of https://github.com/Westerdals/pro104-eksamen-gruppe12
| | |\  
| | * | 6b4e769 : git ignore
| | * | fc2ac6f : Update .DS_Store
| * | | 8ff6ba7 : lagt til formen på calender inn i localstorage
| |/ /  
* | | 5d9333c : byttet font
| |/  
|/|   
* |   a06f282 : Merge branch 'master' of https://github.com/Westerdals/pro104-eksamen-gruppe12
|\ \  
| |/  
| * a483ae0 : kommentert det jeg gjordee
| * ba683ce : fått fikset knappen
| * e451edf : endret font og layout + popup window
* | dc86ef2 : Liten endring CSS
|/  
* b5af953 : fått fikset kategorier
*   1684610 : ^
|\  
| *   7cab3eb : har fikset ikoner for placeholder for registreringssiden
| |\  
| * | db9d2bd : fikset på ikoner for placeholder i registreringssiden
| * |   0af1982 : fikset ikoner for placeholder
| |\ \  
| * \ \   b7e1b10 : redigert bakgrunnsfarge og tittel på todolist
| |\ \ \  
| * | | | 2623489 : har forandret css og html for ToDO
* | | | | 40b31c3 : trenger litt hjelp til å gå over koden og se etter feil
| |_|_|/  
|/| | |   
* | | |   c4b0dbd : fikset på categories, trenger at noen ser over
|\ \ \ \  
| * | | | 50ead53 : endret navn på css fil
| * | | | f813f06 : Linket JS på main.html siden
| * | | | 91003d7 : samlet alt i en mappe
| * | | | fa7bd91 : sindre, endringer av navn på script fil
| * | | | a72295d : sindre
| * | | | 6cf7a0f : Sindre jobbet med endringer og oppretting av oppgaver i loacalstorage samt litt jobb på html siden for å få drag and drop til å fungere.
| * | | | 93bd62c : Oprettet mapper og stylet logginside
* | | | | 96006b5 : små endringer på category.js
|/ / / /  
* | | | e963b00 : holder på med en funksjon der du kan velge en kategori eller legge til en selv
* | | | 59eb952 : lagt inn de siste endringene
* | | |   f5b15e6 : oppdatert main.html blant annet
|\ \ \ \  
| * | | | 9f4ecbb : endret layout på <form>
| * | | | ca1188c : Update .DS_Store
| * | | | 36070be : Slettet min mappe
* | | | | 862e673 : lagt inn etternavn,email og bilde, men får ikke til at bildet vises.
|/ / / /  
* | | |   a767f2b : prøvd mye forskjellig, men får det ikke til å funke
|\ \ \ \  
| * | | | 661eaf6 : testet media query
| * | | | c2a11f5 : Lagt til en form når man trykker på en dato (ikke komplett)
| * | | | a8a798a : Små endringer på navn
| | |_|/  
| |/| |   
* | | | e0f05c7 : prøvd mye forskjellig med å få til at alle funksjoner kjører før newSite(), men får det ikke til
|/ / /  
* | | cb8fecf : fikset at det lagres i localStorage, trenger å tilpasse etter styleguiden
* | | ad7a99f : fikset localstorage, skal endres litt mer på og få til å kunne enkelt gjenbruke info på andre sider
* | | a6cf686 : Mainpage
* | | be3a95a : slettet susanne sin mappe og lagt inn ny forum. jobber med å få det inn i localstorage så vi kan bruke det senere.
* | |   ad8c334 : Merge branch 'master' of https://github.com/Westerdals/pro104-eksamen-Rullvard
|\ \ \  
| * | | 926060a : slettet img/ mappen siden den var tom
| | |/  
| |/|   
* | | b5db898 : Oppdatert sidebar
|/ /  
* |   ca42eec : oppdatert to-do-listen
|\ \  
| * | 9e0720a : Kalender (folder Eskil)
| * | 37df24b : Endring i js
| * |   9271b80 : Merge branch 'master' of https://github.com/Westerdals/pro104-eksamen-gruppe12
| |\ \  
| * | | 72a3f8a : Forside
| | |/  
| |/|   
* | | b636585 : har fikset på to-do-listen, lar shaheb drive med css delen
| |/  
|/|   
* | 14c3e50 : sindre Helstad
* | 84a8bf6 : Kalender
* |   2452551 : lagt til en ny versjon som ikke funker av to-do-list
|\ \  
| |/  
| * fb22429 : har endret bakgrunnsfargen på todo.css
| *   1ac5dbb : Merge branch 'master' of https://github.com/Westerdals/pro104-eksamen-gruppe12
| |\  
| * | 7ad4fa4 : Sindre
* | | 1ab4d79 : prøvd en ny funksjon for å få til overskrift på en en task og description
| |/  
|/|   
* | f4862cc : fikset på input boksene
* | 6102bbb : fikset in-logging
|/  
* f2ca279 : Create .DS_Store
* f59a604 : slettet unødvendig script
* 6ca2627 : Min kode
* a25a8f6 : lagt til de siste endringer, mangler bare CSS
* 34c78f9 : lagt inn to do list! utseendet er stygt, men tar ikk så lang tid å fikses på.
* ea1c716 : Endret formatering
* fb907be : Oppdatert README
* 6a9ae2f : prøvd meg på en funksjon der man kan lage post-it-lapper. er ikke ferdig, mangler å debuge litt.
* e9be8aa : testet meg litt på design
* 876a0e6 : Sindre Helstad
* a6e1bd8 : Update README.md
* 66ec3c6 : lagt inn mapper
* 1abcbd7 : Update README.md
* 32c7fcb : Update README.md
* 9a7a000 : Oppdatert ReadMe
* d317c85 : susanne
* 555c8c6 : Create README.md